2025-01-21 10:00:32.056  INFO 74173 --- [restartedMain] c.y.lesson.CompanyFrameApplication       : Starting CompanyFrameApplication on Mac with PID 74173 (/Users/congfu/IdeaProjects/company-frame/target/classes started by congfu in /Users/congfu/IdeaProjects/company-frame)
2025-01-21 10:00:32.059 DEBUG 74173 --- [restartedMain] c.y.lesson.CompanyFrameApplication       : Running with Spring Boot v2.1.6.RELEASE, Spring v5.1.8.RELEASE
2025-01-21 10:00:32.060  INFO 74173 --- [restartedMain] c.y.lesson.CompanyFrameApplication       : No active profile set, falling back to default profiles: default
2025-01-21 10:00:32.089  INFO 74173 --- [restartedMain] .e.DevToolsPropertyDefaultsPostProcessor : Devtools property defaults active! Set 'spring.devtools.add-properties' to 'false' to disable
2025-01-21 10:00:32.089  INFO 74173 --- [restartedMain] .e.DevToolsPropertyDefaultsPostProcessor : For additional web related logging consider setting the 'logging.level.web' property to 'DEBUG'
2025-01-21 10:00:33.099  INFO 74173 --- [restartedMain] .s.d.r.c.RepositoryConfigurationDelegate : Multiple Spring Data modules found, entering strict repository configuration mode!
2025-01-21 10:00:33.100  INFO 74173 --- [restartedMain] .s.d.r.c.RepositoryConfigurationDelegate : Bootstrapping Spring Data repositories in DEFAULT mode.
2025-01-21 10:00:33.126  INFO 74173 --- [restartedMain] .s.d.r.c.RepositoryConfigurationDelegate : Finished Spring Data repository scanning in 20ms. Found 0 repository interfaces.
2025-01-21 10:00:33.384  INFO 74173 --- [restartedMain] trationDelegate$BeanPostProcessorChecker : Bean 'shiroConfig' of type [com.yingxue.lesson.config.ShiroConfig$$EnhancerBySpringCGLIB$$b63dd475] is not eligible for getting processed by all BeanPostProcessors (for example: not eligible for auto-proxying)
2025-01-21 10:00:33.580  INFO 74173 --- [restartedMain] trationDelegate$BeanPostProcessorChecker : Bean 'redisConfig' of type [com.yingxue.lesson.config.RedisConfig$$EnhancerBySpringCGLIB$$10c5bbf] is not eligible for getting processed by all BeanPostProcessors (for example: not eligible for auto-proxying)
2025-01-21 10:00:33.629  INFO 74173 --- [restartedMain] trationDelegate$BeanPostProcessorChecker : Bean 'spring.redis-org.springframework.boot.autoconfigure.data.redis.RedisProperties' of type [org.springframework.boot.autoconfigure.data.redis.RedisProperties] is not eligible for getting processed by all BeanPostProcessors (for example: not eligible for auto-proxying)
2025-01-21 10:00:33.638  INFO 74173 --- [restartedMain] trationDelegate$BeanPostProcessorChecker : Bean 'org.springframework.boot.autoconfigure.data.redis.LettuceConnectionConfiguration' of type [org.springframework.boot.autoconfigure.data.redis.LettuceConnectionConfiguration$$EnhancerBySpringCGLIB$$ebac46b9] is not eligible for getting processed by all BeanPostProcessors (for example: not eligible for auto-proxying)
2025-01-21 10:00:33.704  INFO 74173 --- [restartedMain] trationDelegate$BeanPostProcessorChecker : Bean 'lettuceClientResources' of type [io.lettuce.core.resource.DefaultClientResources] is not eligible for getting processed by all BeanPostProcessors (for example: not eligible for auto-proxying)
2025-01-21 10:00:33.745  INFO 74173 --- [restartedMain] trationDelegate$BeanPostProcessorChecker : Bean 'redisConnectionFactory' of type [org.springframework.data.redis.connection.lettuce.LettuceConnectionFactory] is not eligible for getting processed by all BeanPostProcessors (for example: not eligible for auto-proxying)
2025-01-21 10:00:33.754  INFO 74173 --- [restartedMain] trationDelegate$BeanPostProcessorChecker : Bean 'redisTemplate' of type [org.springframework.data.redis.core.RedisTemplate] is not eligible for getting processed by all BeanPostProcessors (for example: not eligible for auto-proxying)
2025-01-21 10:00:33.757  INFO 74173 --- [restartedMain] trationDelegate$BeanPostProcessorChecker : Bean 'redisService' of type [com.yingxue.lesson.service.RedisService] is not eligible for getting processed by all BeanPostProcessors (for example: not eligible for auto-proxying)
2025-01-21 10:00:33.757  INFO 74173 --- [restartedMain] trationDelegate$BeanPostProcessorChecker : Bean 'customHashedCredentialsMatcher' of type [com.yingxue.lesson.shiro.CustomHashedCredentialsMatcher] is not eligible for getting processed by all BeanPostProcessors (for example: not eligible for auto-proxying)
2025-01-21 10:00:33.760  INFO 74173 --- [restartedMain] trationDelegate$BeanPostProcessorChecker : Bean 'redisCacheManager' of type [com.yingxue.lesson.shiro.RedisCacheManager] is not eligible for getting processed by all BeanPostProcessors (for example: not eligible for auto-proxying)
2025-01-21 10:00:33.797  INFO 74173 --- [restartedMain] trationDelegate$BeanPostProcessorChecker : Bean 'mybatis-org.mybatis.spring.boot.autoconfigure.MybatisProperties' of type [org.mybatis.spring.boot.autoconfigure.MybatisProperties] is not eligible for getting processed by all BeanPostProcessors (for example: not eligible for auto-proxying)
2025-01-21 10:00:33.801  INFO 74173 --- [restartedMain] trationDelegate$BeanPostProcessorChecker : Bean 'org.mybatis.spring.boot.autoconfigure.MybatisAutoConfiguration' of type [org.mybatis.spring.boot.autoconfigure.MybatisAutoConfiguration$$EnhancerBySpringCGLIB$$966d99f] is not eligible for getting processed by all BeanPostProcessors (for example: not eligible for auto-proxying)
2025-01-21 10:00:33.805  INFO 74173 --- [restartedMain] trationDelegate$BeanPostProcessorChecker : Bean 'com.alibaba.druid.spring.boot.autoconfigure.DruidDataSourceAutoConfigure' of type [com.alibaba.druid.spring.boot.autoconfigure.DruidDataSourceAutoConfigure$$EnhancerBySpringCGLIB$$f03e7de1] is not eligible for getting processed by all BeanPostProcessors (for example: not eligible for auto-proxying)
2025-01-21 10:00:33.807  INFO 74173 --- [restartedMain] c.a.d.s.b.a.DruidDataSourceAutoConfigure : Init DruidDataSource
2025-01-21 10:00:33.878  INFO 74173 --- [restartedMain] trationDelegate$BeanPostProcessorChecker : Bean 'spring.datasource-org.springframework.boot.autoconfigure.jdbc.DataSourceProperties' of type [org.springframework.boot.autoconfigure.jdbc.DataSourceProperties] is not eligible for getting processed by all BeanPostProcessors (for example: not eligible for auto-proxying)
2025-01-21 10:00:33.880  INFO 74173 --- [restartedMain] trationDelegate$BeanPostProcessorChecker : Bean 'com.alibaba.druid.spring.boot.autoconfigure.stat.DruidFilterConfiguration' of type [com.alibaba.druid.spring.boot.autoconfigure.stat.DruidFilterConfiguration] is not eligible for getting processed by all BeanPostProcessors (for example: not eligible for auto-proxying)
2025-01-21 10:00:33.894  INFO 74173 --- [restartedMain] trationDelegate$BeanPostProcessorChecker : Bean 'statFilter' of type [com.alibaba.druid.filter.stat.StatFilter] is not eligible for getting processed by all BeanPostProcessors (for example: not eligible for auto-proxying)
2025-01-21 10:00:34.141  INFO 74173 --- [restartedMain] com.alibaba.druid.pool.DruidDataSource   : {dataSource-1} inited
2025-01-21 10:00:34.142  INFO 74173 --- [restartedMain] trationDelegate$BeanPostProcessorChecker : Bean 'dataSource' of type [com.alibaba.druid.spring.boot.autoconfigure.DruidDataSourceWrapper] is not eligible for getting processed by all BeanPostProcessors (for example: not eligible for auto-proxying)
2025-01-21 10:00:34.367  INFO 74173 --- [restartedMain] trationDelegate$BeanPostProcessorChecker : Bean 'sqlSessionFactory' of type [org.apache.ibatis.session.defaults.DefaultSqlSessionFactory] is not eligible for getting processed by all BeanPostProcessors (for example: not eligible for auto-proxying)
2025-01-21 10:00:34.379  INFO 74173 --- [restartedMain] trationDelegate$BeanPostProcessorChecker : Bean 'sqlSessionTemplate' of type [org.mybatis.spring.SqlSessionTemplate] is not eligible for getting processed by all BeanPostProcessors (for example: not eligible for auto-proxying)
2025-01-21 10:00:34.381  INFO 74173 --- [restartedMain] trationDelegate$BeanPostProcessorChecker : Bean 'sysRoleMapper' of type [org.mybatis.spring.mapper.MapperFactoryBean] is not eligible for getting processed by all BeanPostProcessors (for example: not eligible for auto-proxying)
2025-01-21 10:00:34.382  INFO 74173 --- [restartedMain] trationDelegate$BeanPostProcessorChecker : Bean 'sysRoleMapper' of type [com.sun.proxy.$Proxy70] is not eligible for getting processed by all BeanPostProcessors (for example: not eligible for auto-proxying)
2025-01-21 10:00:34.385  INFO 74173 --- [restartedMain] trationDelegate$BeanPostProcessorChecker : Bean 'sysRolePermissionMapper' of type [org.mybatis.spring.mapper.MapperFactoryBean] is not eligible for getting processed by all BeanPostProcessors (for example: not eligible for auto-proxying)
2025-01-21 10:00:34.392  INFO 74173 --- [restartedMain] trationDelegate$BeanPostProcessorChecker : Bean 'sysRolePermissionMapper' of type [com.sun.proxy.$Proxy71] is not eligible for getting processed by all BeanPostProcessors (for example: not eligible for auto-proxying)
2025-01-21 10:00:34.393  INFO 74173 --- [restartedMain] trationDelegate$BeanPostProcessorChecker : Bean 'rolePermissionServiceImpl' of type [com.yingxue.lesson.service.impl.RolePermissionServiceImpl] is not eligible for getting processed by all BeanPostProcessors (for example: not eligible for auto-proxying)
2025-01-21 10:00:34.395  INFO 74173 --- [restartedMain] trationDelegate$BeanPostProcessorChecker : Bean 'sysPermissionMapper' of type [org.mybatis.spring.mapper.MapperFactoryBean] is not eligible for getting processed by all BeanPostProcessors (for example: not eligible for auto-proxying)
2025-01-21 10:00:34.395  INFO 74173 --- [restartedMain] trationDelegate$BeanPostProcessorChecker : Bean 'sysPermissionMapper' of type [com.sun.proxy.$Proxy72] is not eligible for getting processed by all BeanPostProcessors (for example: not eligible for auto-proxying)
2025-01-21 10:00:34.397  INFO 74173 --- [restartedMain] trationDelegate$BeanPostProcessorChecker : Bean 'sysUserRoleMapper' of type [org.mybatis.spring.mapper.MapperFactoryBean] is not eligible for getting processed by all BeanPostProcessors (for example: not eligible for auto-proxying)
2025-01-21 10:00:34.403  INFO 74173 --- [restartedMain] trationDelegate$BeanPostProcessorChecker : Bean 'sysUserRoleMapper' of type [com.sun.proxy.$Proxy73] is not eligible for getting processed by all BeanPostProcessors (for example: not eligible for auto-proxying)
2025-01-21 10:00:34.404  INFO 74173 --- [restartedMain] trationDelegate$BeanPostProcessorChecker : Bean 'userRoleServiceImpl' of type [com.yingxue.lesson.service.impl.UserRoleServiceImpl] is not eligible for getting processed by all BeanPostProcessors (for example: not eligible for auto-proxying)
2025-01-21 10:00:34.410  INFO 74173 --- [restartedMain] trationDelegate$BeanPostProcessorChecker : Bean 'tokenSettings' of type [com.yingxue.lesson.utils.TokenSettings] is not eligible for getting processed by all BeanPostProcessors (for example: not eligible for auto-proxying)
2025-01-21 10:00:34.410  INFO 74173 --- [restartedMain] trationDelegate$BeanPostProcessorChecker : Bean 'permissionServiceImpl' of type [com.yingxue.lesson.service.impl.PermissionServiceImpl] is not eligible for getting processed by all BeanPostProcessors (for example: not eligible for auto-proxying)
2025-01-21 10:00:34.412  INFO 74173 --- [restartedMain] trationDelegate$BeanPostProcessorChecker : Bean 'roleServiceImpl' of type [com.yingxue.lesson.service.impl.RoleServiceImpl] is not eligible for getting processed by all BeanPostProcessors (for example: not eligible for auto-proxying)
2025-01-21 10:00:34.412  INFO 74173 --- [restartedMain] trationDelegate$BeanPostProcessorChecker : Bean 'customRealm' of type [com.yingxue.lesson.shiro.CustomRealm] is not eligible for getting processed by all BeanPostProcessors (for example: not eligible for auto-proxying)
2025-01-21 10:00:34.415  INFO 74173 --- [restartedMain] trationDelegate$BeanPostProcessorChecker : Bean 'securityManager' of type [org.apache.shiro.web.mgt.DefaultWebSecurityManager] is not eligible for getting processed by all BeanPostProcessors (for example: not eligible for auto-proxying)
2025-01-21 10:00:34.451  INFO 74173 --- [restartedMain] trationDelegate$BeanPostProcessorChecker : Bean 'authorizationAttributeSourceAdvisor' of type [org.apache.shiro.spring.security.interceptor.AuthorizationAttributeSourceAdvisor] is not eligible for getting processed by all BeanPostProcessors (for example: not eligible for auto-proxying)
2025-01-21 10:00:34.481  INFO 74173 --- [restartedMain] trationDelegate$BeanPostProcessorChecker : Bean 'org.springframework.transaction.annotation.ProxyTransactionManagementConfiguration' of type [org.springframework.transaction.annotation.ProxyTransactionManagementConfiguration$$EnhancerBySpringCGLIB$$d692886f] is not eligible for getting processed by all BeanPostProcessors (for example: not eligible for auto-proxying)
2025-01-21 10:00:34.813  INFO 74173 --- [restartedMain] o.s.b.w.embedded.tomcat.TomcatWebServer  : Tomcat initialized with port(s): 8080 (http)
2025-01-21 10:00:34.832  INFO 74173 --- [restartedMain] o.apache.catalina.core.StandardService   : Starting service [Tomcat]
2025-01-21 10:00:34.832  INFO 74173 --- [restartedMain] org.apache.catalina.core.StandardEngine  : Starting Servlet engine: [Apache Tomcat/9.0.21]
2025-01-21 10:00:34.887  INFO 74173 --- [restartedMain] o.a.c.c.C.[Tomcat].[localhost].[/]       : Initializing Spring embedded WebApplicationContext
2025-01-21 10:00:34.887  INFO 74173 --- [restartedMain] o.s.web.context.ContextLoader            : Root WebApplicationContext: initialization completed in 2798 ms
2025-01-21 10:00:35.605  INFO 74173 --- [restartedMain] pertySourcedRequestMappingHandlerMapping : Mapped URL path [/v2/api-docs] onto method [public org.springframework.http.ResponseEntity<springfox.documentation.spring.web.json.Json> springfox.documentation.swagger2.web.Swagger2Controller.getDocumentation(java.lang.String,javax.servlet.http.HttpServletRequest)]
2025-01-21 10:00:35.877  INFO 74173 --- [restartedMain] o.s.s.concurrent.ThreadPoolTaskExecutor  : Initializing ExecutorService 'applicationTaskExecutor'
2025-01-21 10:00:35.939  INFO 74173 --- [restartedMain] o.s.b.d.a.OptionalLiveReloadServer       : LiveReload server is running on port 35729
2025-01-21 10:00:36.333  INFO 74173 --- [restartedMain] d.s.w.p.DocumentationPluginsBootstrapper : Context refreshed
2025-01-21 10:00:36.342  INFO 74173 --- [restartedMain] d.s.w.p.DocumentationPluginsBootstrapper : Found 1 custom documentation plugin(s)
2025-01-21 10:00:36.365  INFO 74173 --- [restartedMain] s.d.s.w.s.ApiListingReferenceScanner     : Scanning for api listing references
2025-01-21 10:00:36.565  INFO 74173 --- [restartedMain] .d.s.w.r.o.CachingOperationNameGenerator : Generating unique operation named: deletedUsingDELETE_1
2025-01-21 10:00:36.598  INFO 74173 --- [restartedMain] .d.s.w.r.o.CachingOperationNameGenerator : Generating unique operation named: deletedUsingDELETE_2
2025-01-21 10:00:36.608  INFO 74173 --- [restartedMain] .d.s.w.r.o.CachingOperationNameGenerator : Generating unique operation named: pageInfoUsingPOST_1
2025-01-21 10:00:36.612  INFO 74173 --- [restartedMain] .d.s.w.r.o.CachingOperationNameGenerator : Generating unique operation named: updateDeptUsingPUT_1
2025-01-21 10:00:36.656  INFO 74173 --- [restartedMain] .d.s.w.r.o.CachingOperationNameGenerator : Generating unique operation named: detailInfoUsingGET_1
2025-01-21 10:00:36.687  INFO 74173 --- [restartedMain] .d.s.w.r.o.CachingOperationNameGenerator : Generating unique operation named: pageInfoUsingPOST_2
2025-01-21 10:00:36.748  INFO 74173 --- [restartedMain] o.s.b.w.embedded.tomcat.TomcatWebServer  : Tomcat started on port(s): 8080 (http) with context path ''
2025-01-21 10:00:36.750  INFO 74173 --- [restartedMain] c.y.lesson.CompanyFrameApplication       : Started CompanyFrameApplication in 4.982 seconds (JVM running for 5.673)
2025-01-21 10:01:17.098  INFO 74173 --- [http-nio-8080-exec-1] o.a.c.c.C.[Tomcat].[localhost].[/]       : Initializing Spring DispatcherServlet 'dispatcherServlet'
2025-01-21 10:01:17.099  INFO 74173 --- [http-nio-8080-exec-1] o.s.web.servlet.DispatcherServlet        : Initializing Servlet 'dispatcherServlet'
2025-01-21 10:01:17.128  INFO 74173 --- [http-nio-8080-exec-1] o.s.web.servlet.DispatcherServlet        : Completed initialization in 29 ms
2025-01-21 10:04:38.014  INFO 74173 --- [http-nio-8080-exec-10] c.y.l.shiro.CustomAccessControlerFilter  : GET
2025-01-21 10:04:38.030  INFO 74173 --- [http-nio-8080-exec-10] c.y.l.shiro.CustomAccessControlerFilter  : http://localhost:8080/35729
2025-01-21 10:20:07.927  INFO 74173 --- [Thread-18] o.s.s.concurrent.ThreadPoolTaskExecutor  : Shutting down ExecutorService 'applicationTaskExecutor'
2025-01-21 10:20:07.948  INFO 74173 --- [Thread-18] com.alibaba.druid.pool.DruidDataSource   : {dataSource-1} closed
